<?xml version="1.0" encoding="UTF-8"?>
<!-- Generated by org.testng.reporters.JUnitReportReporter -->
<testsuite hostname="LAPTOP-U3GTK72O" failures="0" tests="4" name="com.OhrmProject.Scenario2.Testcases.AdminPageTest" time="20.141" errors="0" timestamp="2024-05-26T21:52:55 IST" skipped="0">
  <testcase classname="com.OhrmProject.Scenario2.Testcases.AdminPageTest" name="verifySideMenuItemCount" time="0.597"/>
  <system-out/>
  <testcase classname="com.OhrmProject.Scenario2.Testcases.AdminPageTest" name="verifySearchByUserstatusCount" time="6.274"/>
  <system-out/>
  <testcase classname="com.OhrmProject.Scenario2.Testcases.AdminPageTest" name="verifySearchByUsernameCount" time="6.746"/>
  <system-out/>
  <testcase classname="com.OhrmProject.Scenario2.Testcases.AdminPageTest" name="verifySearchByUserroleCount" time="6.524"/>
  <system-out/>
</testsuite> <!-- com.OhrmProject.Scenario2.Testcases.AdminPageTest -->
