<?xml version="1.0" encoding="UTF-8"?>
<!-- Generated by org.testng.reporters.JUnitReportReporter -->
<testsuite hostname="LAPTOP-U3GTK72O" failures="0" tests="8" name="com.OhrmProject.Scenario1.DataDrivenTestingExcelScenario1" time="0.473" errors="0" timestamp="2024-05-26T18:49:18 IST" skipped="0">
  <testcase classname="com.OhrmProject.Scenario1.DataDrivenTestingExcelScenario1" name="loginDataWriteToExcel" time="0.005"/>
  <system-out/>
  <testcase classname="com.OhrmProject.Scenario1.DataDrivenTestingExcelScenario1" name="loginDataWriteToExcel" time="0.045"/>
  <system-out/>
  <testcase classname="com.OhrmProject.Scenario1.DataDrivenTestingExcelScenario1" name="loginDataWriteToExcel" time="0.005"/>
  <system-out/>
  <testcase classname="com.OhrmProject.Scenario1.DataDrivenTestingExcelScenario1" name="loginDataWriteToExcel" time="0.003"/>
  <system-out/>
  <testcase classname="com.OhrmProject.Scenario1.DataDrivenTestingExcelScenario1" name="loginDataWriteToExcel" time="0.004"/>
  <system-out/>
  <testcase classname="com.OhrmProject.Scenario1.DataDrivenTestingExcelScenario1" name="loginDataWriteToExcel" time="0.005"/>
  <system-out/>
  <testcase classname="com.OhrmProject.Scenario1.DataDrivenTestingExcelScenario1" name="closeWriteExcelFile" time="0.241"/>
  <system-out/>
  <testcase classname="com.OhrmProject.Scenario1.DataDrivenTestingExcelScenario1" name="loginDataReadFromExcel" time="0.165"/>
  <system-out/>
</testsuite> <!-- com.OhrmProject.Scenario1.DataDrivenTestingExcelScenario1 -->
