<?xml version="1.0" encoding="UTF-8"?>
<!-- Generated by org.testng.reporters.JUnitReportReporter -->
<testsuite hostname="LAPTOP-U3GTK72O" failures="0" tests="1" name="com.OhrmProject.Scenario2.Testcases.LoginPageohrmTest" time="30.194" errors="0" timestamp="2024-05-26T21:52:55 IST" skipped="0">
  <testcase classname="com.OhrmProject.Scenario2.Testcases.LoginPageohrmTest" name="verifyLogin" time="30.194"/>
  <system-out/>
</testsuite> <!-- com.OhrmProject.Scenario2.Testcases.LoginPageohrmTest -->
